0 info it worked if it ends with ok
1 verbose cli [ 'node',
1 verbose cli   '/usr/local/bin/npm',
1 verbose cli   'install',
1 verbose cli   '--save',
1 verbose cli   'browserify@laterst' ]
2 info using npm@2.0.2
3 info using node@v0.10.31
4 verbose readDependencies using package.json deps
5 verbose cache add [ 'browserify@laterst', null ]
6 verbose cache add spec="browserify@laterst" args=["browserify@laterst",null]
7 verbose parsed spec { raw: 'browserify@laterst',
7 verbose parsed spec   scope: null,
7 verbose parsed spec   name: 'browserify',
7 verbose parsed spec   rawSpec: 'laterst',
7 verbose parsed spec   spec: 'laterst',
7 verbose parsed spec   type: 'tag' }
8 verbose parsed spec { raw: 'browserify@laterst',
8 verbose parsed spec   scope: null,
8 verbose parsed spec   name: 'browserify',
8 verbose parsed spec   rawSpec: 'laterst',
8 verbose parsed spec   spec: 'laterst',
8 verbose parsed spec   type: 'tag' }
9 verbose addNamed [ 'browserify', 'laterst' ]
10 verbose addNamed [ null, null ]
11 silly lockFile 7030aaf4-browserify-laterst browserify@laterst
12 verbose lock browserify@laterst /Users/tmpvar/.npm/7030aaf4-browserify-laterst.lock
13 info addNameTag [ 'browserify', 'laterst' ]
14 verbose mapToRegistry name browserify
15 verbose mapToRegistry uri https://registry.npmjs.org/browserify
16 verbose request on initialization, where is /browserify
17 verbose request after pass 1, where is /browserify
18 verbose request url raw /browserify
19 verbose request resolving registry [ 'https://registry.npmjs.org/', './browserify' ]
20 verbose request after pass 2, where is https://registry.npmjs.org/browserify
21 verbose request no auth needed
22 info attempt registry request try #1 at 16:55:31
23 verbose request id 41a1cb4e49c988ef
24 verbose etag "AC5CPTP9RZRKE2NMR54W3AIQ"
25 http request GET https://registry.npmjs.org/browserify
26 http 304 https://registry.npmjs.org/browserify
27 silly registry.get cb [ 304,
27 silly registry.get   { date: 'Thu, 06 Nov 2014 15:55:31 GMT',
27 silly registry.get     server: 'Apache',
27 silly registry.get     via: '1.1 varnish',
27 silly registry.get     'last-modified': 'Thu, 06 Nov 2014 15:55:32 GMT',
27 silly registry.get     'cache-control': 'max-age=60',
27 silly registry.get     etag: '"AC5CPTP9RZRKE2NMR54W3AIQ"',
27 silly registry.get     age: '0',
27 silly registry.get     'x-served-by': 'cache-fra1242-FRA',
27 silly registry.get     'x-cache': 'HIT',
27 silly registry.get     'x-cache-hits': '1',
27 silly registry.get     'x-timer': 'S1415289331.881498,VS0,VE177',
27 silly registry.get     vary: 'Accept',
27 silly registry.get     'content-length': '0',
27 silly registry.get     'keep-alive': 'timeout=10, max=50',
27 silly registry.get     connection: 'Keep-Alive' } ]
28 verbose etag https://registry.npmjs.org/browserify from cache
29 silly lockFile 7030aaf4-browserify-laterst browserify@laterst
30 silly lockFile 7030aaf4-browserify-laterst browserify@laterst
31 verbose stack Error: No compatible version found: browserify@'laterst'
31 verbose stack Valid install targets:
31 verbose stack ["0.0.1","0.0.2","0.0.3","0.0.4","0.0.5","0.1.0","0.1.1","0.1.2","0.1.3","0.1.4","0.1.5","0.2.0","0.2.1","0.2.2","0.2.3","0.2.4","0.2.5","0.2.6","0.2.7","0.2.8","0.2.9","0.2.10","0.2.11","0.3.0","0.3.1","0.3.2","0.3.3","0.3.4","0.3.5","0.3.6","0.3.7","0.4.0","0.4.1","0.4.2","0.4.3","0.4.4","0.4.5","0.4.6","0.4.7","0.4.8","0.4.9","0.4.10","0.4.11","0.4.12","0.4.13","0.4.14","0.4.15","0.5.0","0.5.1","0.5.2","1.0.0","1.1.0","1.1.1","1.1.2","1.1.3","1.1.4","1.2.0","1.2.1","1.2.2","1.2.3","1.2.4","1.2.5","1.2.6","1.2.7","1.2.8","1.2.9","1.3.0","1.4.0","1.4.1","1.4.2","1.4.3","1.4.4","1.4.5","1.4.6","1.4.7","1.4.8","1.5.0","1.6.0","1.6.1","1.7.0","1.7.1","1.7.2","1.7.3","1.7.4","1.7.5","1.7.6","1.7.7","1.8.0","1.8.1","1.8.2","1.8.3","1.9.0","1.9.1","1.9.2","1.9.3","1.9.4","1.10.0","1.10.1","1.10.2","1.10.3","1.10.4","1.10.5","1.10.6","1.10.7","1.10.8","1.10.9","1.10.11","1.10.12","1.10.13","1.10.14","1.10.15","1.10.16","1.10.17","1.11.0","1.11.1","1.12.0","1.12.1","1.12.2","1.12.3","1.13.0","1.13.1","1.13.2","1.13.3","1.13.4","1.13.5","1.13.6","1.13.8","1.13.9","1.13.10","1.14.0","1.14.1","1.14.2","1.14.3","1.14.4","1.14.5","1.15.0","1.15.1","1.15.2","1.15.3","1.15.4","1.15.5","1.15.6","1.16.0","1.16.1","1.16.2","1.16.3","1.16.4","1.16.5","1.16.6","1.16.7","1.16.8","1.17.0","1.17.1","1.17.2","1.17.3","1.18.0","2.0.0","2.0.1","2.1.0","2.2.0","2.2.1","2.2.2","2.2.3","2.2.4","2.2.5","2.2.6","2.3.0","2.3.1","2.4.0","2.4.1","2.4.2","2.4.3","2.5.0","2.5.1","2.6.0","2.6.1","2.7.0","2.7.1","2.7.2","2.7.3","2.7.4","2.8.0","2.8.1","2.9.0","2.10.0","2.10.1","2.10.2","2.11.0","2.12.0","2.12.1","2.12.2","2.12.3","2.12.4","2.12.5","2.13.0","2.13.1","2.13.2","2.13.3","2.14.0","2.14.1","2.14.2","2.15.0","2.16.0","2.17.0","2.17.1","2.17.2","2.17.3","2.17.4","2.18.0","2.18.1","2.19.0","2.20.0","2.20.1","2.20.2","2.21.0","2.22.0","2.23.0","2.23.1","2.24.0","2.24.1","2.24.2","2.24.3","2.25.0","2.25.1","2.26.0","2.27.0","2.27.1","2.28.0","2.29.0","2.29.1","2.30.0","2.31.0","2.32.0","2.32.1","2.32.2","2.32.3","2.32.4","2.33.0","2.33.1","2.34.0","2.34.1","2.34.2","2.34.3","2.35.0","2.35.1","2.35.2","2.35.3","2.35.4","2.36.0","2.36.1","3.0.0","3.1.0","3.1.1","3.1.2","3.1.3","3.2.0","3.2.1","3.2.2","3.3.0","3.4.0","3.4.1","3.5.0","3.6.0","3.7.0","3.8.0","3.8.1","3.9.0","3.9.1","3.10.0","3.11.0","3.11.1","3.12.0","3.13.0","3.14.0","3.14.1","3.16.0","3.16.1","3.17.0","3.18.0","3.19.0","3.19.1","3.20.0","3.20.1","3.20.2","3.21.0","3.21.1","3.22.0","3.22.1","3.23.0","3.23.1","3.24.0","3.24.1","3.24.2","3.24.3","3.24.4","3.24.5","3.24.6","3.24.7","3.24.8","3.24.9","3.24.10","3.24.11","3.24.13","3.25.0","3.25.1","3.25.2","3.26.0","3.27.0","3.27.1","3.28.0","3.28.1","3.28.2","3.29.0","3.29.1","3.30.0","3.30.1","3.30.2","3.30.3","3.30.4","3.31.0","3.31.1","3.31.2","3.32.0","3.32.1","3.33.0","3.33.1","3.34.0","3.35.0","3.36.0","3.36.1","3.37.0","3.37.1","3.37.2","3.38.0","3.38.1","3.39.0","3.40.0","3.40.1","3.40.2","3.40.3","3.40.4","3.41.0","3.42.0","3.43.0","3.44.0","3.44.1","3.44.2","3.45.0","3.46.0","3.46.1","4.0.0","4.1.0","4.1.1","4.1.2","4.1.3","4.1.4","4.1.5","4.1.6","4.1.7","4.1.8","4.1.9","4.1.10","4.1.11","4.2.0","4.2.1","4.2.2","4.2.3","5.0.0","5.0.1","5.0.2","5.0.3","5.0.4","5.0.5","5.0.6","5.0.7","5.0.8","5.1.0","5.1.1","5.2.0","5.2.1","5.3.0","5.4.0","5.4.1","5.4.2","5.5.0","5.6.0","5.6.1","5.7.0","5.8.0","5.9.0","5.9.1","5.9.2","5.9.3","5.10.0","5.10.1","5.11.0","5.11.1","5.11.2","5.12.0","5.12.1","5.12.2","5.13.0","5.13.1","6.0.0","6.0.1","6.0.2","6.0.3","6.1.0","6.1.1","6.1.2","6.2.0"]
31 verbose stack
31 verbose stack     at installTargetsError (/usr/local/lib/node_modules/npm/lib/cache/add-named.js:258:12)
31 verbose stack     at next (/usr/local/lib/node_modules/npm/lib/cache/add-named.js:80:10)
31 verbose stack     at saved (/usr/local/lib/node_modules/npm/node_modules/npm-registry-client/lib/get.js:167:7)
31 verbose stack     at Object.oncomplete (fs.js:107:15)
32 verbose cwd /Users/tmpvar/work/js/javascript-editor
33 error Darwin 14.0.0
34 error argv "node" "/usr/local/bin/npm" "install" "--save" "browserify@laterst"
35 error node v0.10.31
36 error npm  v2.0.2
37 error code ETARGET
38 error notarget No compatible version found: browserify@'laterst'
38 error notarget Valid install targets:
38 error notarget ["0.0.1","0.0.2","0.0.3","0.0.4","0.0.5","0.1.0","0.1.1","0.1.2","0.1.3","0.1.4","0.1.5","0.2.0","0.2.1","0.2.2","0.2.3","0.2.4","0.2.5","0.2.6","0.2.7","0.2.8","0.2.9","0.2.10","0.2.11","0.3.0","0.3.1","0.3.2","0.3.3","0.3.4","0.3.5","0.3.6","0.3.7","0.4.0","0.4.1","0.4.2","0.4.3","0.4.4","0.4.5","0.4.6","0.4.7","0.4.8","0.4.9","0.4.10","0.4.11","0.4.12","0.4.13","0.4.14","0.4.15","0.5.0","0.5.1","0.5.2","1.0.0","1.1.0","1.1.1","1.1.2","1.1.3","1.1.4","1.2.0","1.2.1","1.2.2","1.2.3","1.2.4","1.2.5","1.2.6","1.2.7","1.2.8","1.2.9","1.3.0","1.4.0","1.4.1","1.4.2","1.4.3","1.4.4","1.4.5","1.4.6","1.4.7","1.4.8","1.5.0","1.6.0","1.6.1","1.7.0","1.7.1","1.7.2","1.7.3","1.7.4","1.7.5","1.7.6","1.7.7","1.8.0","1.8.1","1.8.2","1.8.3","1.9.0","1.9.1","1.9.2","1.9.3","1.9.4","1.10.0","1.10.1","1.10.2","1.10.3","1.10.4","1.10.5","1.10.6","1.10.7","1.10.8","1.10.9","1.10.11","1.10.12","1.10.13","1.10.14","1.10.15","1.10.16","1.10.17","1.11.0","1.11.1","1.12.0","1.12.1","1.12.2","1.12.3","1.13.0","1.13.1","1.13.2","1.13.3","1.13.4","1.13.5","1.13.6","1.13.8","1.13.9","1.13.10","1.14.0","1.14.1","1.14.2","1.14.3","1.14.4","1.14.5","1.15.0","1.15.1","1.15.2","1.15.3","1.15.4","1.15.5","1.15.6","1.16.0","1.16.1","1.16.2","1.16.3","1.16.4","1.16.5","1.16.6","1.16.7","1.16.8","1.17.0","1.17.1","1.17.2","1.17.3","1.18.0","2.0.0","2.0.1","2.1.0","2.2.0","2.2.1","2.2.2","2.2.3","2.2.4","2.2.5","2.2.6","2.3.0","2.3.1","2.4.0","2.4.1","2.4.2","2.4.3","2.5.0","2.5.1","2.6.0","2.6.1","2.7.0","2.7.1","2.7.2","2.7.3","2.7.4","2.8.0","2.8.1","2.9.0","2.10.0","2.10.1","2.10.2","2.11.0","2.12.0","2.12.1","2.12.2","2.12.3","2.12.4","2.12.5","2.13.0","2.13.1","2.13.2","2.13.3","2.14.0","2.14.1","2.14.2","2.15.0","2.16.0","2.17.0","2.17.1","2.17.2","2.17.3","2.17.4","2.18.0","2.18.1","2.19.0","2.20.0","2.20.1","2.20.2","2.21.0","2.22.0","2.23.0","2.23.1","2.24.0","2.24.1","2.24.2","2.24.3","2.25.0","2.25.1","2.26.0","2.27.0","2.27.1","2.28.0","2.29.0","2.29.1","2.30.0","2.31.0","2.32.0","2.32.1","2.32.2","2.32.3","2.32.4","2.33.0","2.33.1","2.34.0","2.34.1","2.34.2","2.34.3","2.35.0","2.35.1","2.35.2","2.35.3","2.35.4","2.36.0","2.36.1","3.0.0","3.1.0","3.1.1","3.1.2","3.1.3","3.2.0","3.2.1","3.2.2","3.3.0","3.4.0","3.4.1","3.5.0","3.6.0","3.7.0","3.8.0","3.8.1","3.9.0","3.9.1","3.10.0","3.11.0","3.11.1","3.12.0","3.13.0","3.14.0","3.14.1","3.16.0","3.16.1","3.17.0","3.18.0","3.19.0","3.19.1","3.20.0","3.20.1","3.20.2","3.21.0","3.21.1","3.22.0","3.22.1","3.23.0","3.23.1","3.24.0","3.24.1","3.24.2","3.24.3","3.24.4","3.24.5","3.24.6","3.24.7","3.24.8","3.24.9","3.24.10","3.24.11","3.24.13","3.25.0","3.25.1","3.25.2","3.26.0","3.27.0","3.27.1","3.28.0","3.28.1","3.28.2","3.29.0","3.29.1","3.30.0","3.30.1","3.30.2","3.30.3","3.30.4","3.31.0","3.31.1","3.31.2","3.32.0","3.32.1","3.33.0","3.33.1","3.34.0","3.35.0","3.36.0","3.36.1","3.37.0","3.37.1","3.37.2","3.38.0","3.38.1","3.39.0","3.40.0","3.40.1","3.40.2","3.40.3","3.40.4","3.41.0","3.42.0","3.43.0","3.44.0","3.44.1","3.44.2","3.45.0","3.46.0","3.46.1","4.0.0","4.1.0","4.1.1","4.1.2","4.1.3","4.1.4","4.1.5","4.1.6","4.1.7","4.1.8","4.1.9","4.1.10","4.1.11","4.2.0","4.2.1","4.2.2","4.2.3","5.0.0","5.0.1","5.0.2","5.0.3","5.0.4","5.0.5","5.0.6","5.0.7","5.0.8","5.1.0","5.1.1","5.2.0","5.2.1","5.3.0","5.4.0","5.4.1","5.4.2","5.5.0","5.6.0","5.6.1","5.7.0","5.8.0","5.9.0","5.9.1","5.9.2","5.9.3","5.10.0","5.10.1","5.11.0","5.11.1","5.11.2","5.12.0","5.12.1","5.12.2","5.13.0","5.13.1","6.0.0","6.0.1","6.0.2","6.0.3","6.1.0","6.1.1","6.1.2","6.2.0"]
38 error notarget
38 error notarget This is most likely not a problem with npm itself.
38 error notarget In most cases you or one of your dependencies are requesting
38 error notarget a package version that doesn't exist.
39 verbose exit [ 1, true ]
